<?xml version="1.0" encoding="UTF-8"?>
<testsuite name="com.a402.audiro.service.PostcardServiceTest" tests="1" skipped="0" failures="0" errors="0" timestamp="2023-02-07T10:24:51" hostname="DESKTOP-DOGVPUB" time="0.144">
  <properties/>
  <testcase name="포스트 카드 정보 받기" classname="com.a402.audiro.service.PostcardServiceTest" time="0.144"/>
  <system-out><![CDATA[19:24:42.918 [Test worker] DEBUG org.springframework.test.context.BootstrapUtils - Instantiating CacheAwareContextLoaderDelegate from class [org.springframework.test.context.cache.DefaultCacheAwareContextLoaderDelegate]
19:24:42.938 [Test worker] DEBUG org.springframework.test.context.BootstrapUtils - Instantiating BootstrapContext using constructor [public org.springframework.test.context.support.DefaultBootstrapContext(java.lang.Class,org.springframework.test.context.CacheAwareContextLoaderDelegate)]
19:24:42.973 [Test worker] DEBUG org.springframework.test.context.BootstrapUtils - Instantiating TestContextBootstrapper for test class [com.a402.audiro.service.PostcardServiceTest] from class [org.springframework.boot.test.context.SpringBootTestContextBootstrapper]
19:24:42.980 [Test worker] INFO org.springframework.boot.test.context.SpringBootTestContextBootstrapper - Neither @ContextConfiguration nor @ContextHierarchy found for test class [com.a402.audiro.service.PostcardServiceTest], using SpringBootContextLoader
19:24:42.989 [Test worker] DEBUG org.springframework.test.context.support.AbstractContextLoader - Did not detect default resource location for test class [com.a402.audiro.service.PostcardServiceTest]: class path resource [com/a402/audiro/service/PostcardServiceTest-context.xml] does not exist
19:24:42.991 [Test worker] DEBUG org.springframework.test.context.support.AbstractContextLoader - Did not detect default resource location for test class [com.a402.audiro.service.PostcardServiceTest]: class path resource [com/a402/audiro/service/PostcardServiceTestContext.groovy] does not exist
19:24:42.991 [Test worker] INFO org.springframework.test.context.support.AbstractContextLoader - Could not detect default resource locations for test class [com.a402.audiro.service.PostcardServiceTest]: no resource found for suffixes {-context.xml, Context.groovy}.
19:24:42.991 [Test worker] INFO org.springframework.test.context.support.AnnotationConfigContextLoaderUtils - Could not detect default configuration classes for test class [com.a402.audiro.service.PostcardServiceTest]: PostcardServiceTest does not declare any static, non-private, non-final, nested classes annotated with @Configuration.
19:24:43.038 [Test worker] DEBUG org.springframework.test.context.support.ActiveProfilesUtils - Could not find an 'annotation declaring class' for annotation type [org.springframework.test.context.ActiveProfiles] and class [com.a402.audiro.service.PostcardServiceTest]
19:24:43.120 [Test worker] DEBUG org.springframework.context.annotation.ClassPathScanningCandidateComponentProvider - Identified candidate component class: file [C:\ssafy\02.team1\S08P12A402\backend\audiro\build\classes\java\main\com\a402\audiro\AudiroApplication.class]
19:24:43.124 [Test worker] INFO org.springframework.boot.test.context.SpringBootTestContextBootstrapper - Found @SpringBootConfiguration com.a402.audiro.AudiroApplication for test class com.a402.audiro.service.PostcardServiceTest
19:24:43.241 [Test worker] DEBUG org.springframework.boot.test.context.SpringBootTestContextBootstrapper - @TestExecutionListeners is not present for class [com.a402.audiro.service.PostcardServiceTest]: using defaults.
19:24:43.242 [Test worker] INFO org.springframework.boot.test.context.SpringBootTestContextBootstrapper - Loaded default TestExecutionListener class names from location [META-INF/spring.factories]: [org.springframework.security.test.context.support.WithSecurityContextTestExecutionListener, org.springframework.security.test.context.support.ReactorContextTestExecutionListener, org.springframework.boot.test.autoconfigure.restdocs.RestDocsTestExecutionListener, org.springframework.boot.test.autoconfigure.web.client.MockRestServiceServerResetTestExecutionListener, org.springframework.boot.test.autoconfigure.web.servlet.MockMvcPrintOnlyOnFailureTestExecutionListener, org.springframework.boot.test.autoconfigure.web.servlet.WebDriverTestExecutionListener, org.springframework.boot.test.autoconfigure.webservices.client.MockWebServiceServerTestExecutionListener, org.springframework.boot.test.mock.mockito.MockitoTestExecutionListener, org.springframework.boot.test.mock.mockito.ResetMocksTestExecutionListener, org.springframework.test.context.web.ServletTestExecutionListener, org.springframework.test.context.support.DirtiesContextBeforeModesTestExecutionListener, org.springframework.test.context.event.ApplicationEventsTestExecutionListener, org.springframework.test.context.support.DependencyInjectionTestExecutionListener, org.springframework.test.context.support.DirtiesContextTestExecutionListener, org.springframework.test.context.transaction.TransactionalTestExecutionListener, org.springframework.test.context.jdbc.SqlScriptsTestExecutionListener, org.springframework.test.context.event.EventPublishingTestExecutionListener]
19:24:43.267 [Test worker] INFO org.springframework.boot.test.context.SpringBootTestContextBootstrapper - Using TestExecutionListeners: [org.springframework.test.context.web.ServletTestExecutionListener@79c7532f, org.springframework.test.context.support.DirtiesContextBeforeModesTestExecutionListener@2a448449, org.springframework.test.context.event.ApplicationEventsTestExecutionListener@32f232a5, org.springframework.boot.test.mock.mockito.MockitoTestExecutionListener@43f82e78, org.springframework.boot.test.autoconfigure.SpringBootDependencyInjectionTestExecutionListener@e54303, org.springframework.test.context.support.DirtiesContextTestExecutionListener@e8df99a, org.springframework.test.context.transaction.TransactionalTestExecutionListener@2dc995f4, org.springframework.test.context.jdbc.SqlScriptsTestExecutionListener@2f40e5db, org.springframework.security.test.context.support.WithSecurityContextTestExecutionListener@517566b, org.springframework.test.context.event.EventPublishingTestExecutionListener@64b73e7a, org.springframework.security.test.context.support.ReactorContextTestExecutionListener@530712d, org.springframework.boot.test.autoconfigure.restdocs.RestDocsTestExecutionListener@2df6226d, org.springframework.boot.test.autoconfigure.web.client.MockRestServiceServerResetTestExecutionListener@12ed9db6, org.springframework.boot.test.autoconfigure.web.servlet.MockMvcPrintOnlyOnFailureTestExecutionListener@4ff4357f, org.springframework.boot.test.autoconfigure.web.servlet.WebDriverTestExecutionListener@49cb9cb5, org.springframework.boot.test.autoconfigure.webservices.client.MockWebServiceServerTestExecutionListener@55322aab, org.springframework.boot.test.mock.mockito.ResetMocksTestExecutionListener@2b4c1d96]
19:24:43.273 [Test worker] DEBUG org.springframework.test.context.support.AbstractDirtiesContextTestExecutionListener - Before test class: context [DefaultTestContext@5629510 testClass = PostcardServiceTest, testInstance = [null], testMethod = [null], testException = [null], mergedContextConfiguration = [WebMergedContextConfiguration@4df5bcb4 testClass = PostcardServiceTest, locations = '{}', classes = '{class com.a402.audiro.AudiroApplication}', contextInitializerClasses = '[]', activeProfiles = '{}', propertySourceLocations = '{}', propertySourceProperties = '{org.springframework.boot.test.context.SpringBootTestContextBootstrapper=true}', contextCustomizers = set[org.springframework.boot.test.autoconfigure.actuate.metrics.MetricsExportContextCustomizerFactory$DisableMetricExportContextCustomizer@7857fe2, org.springframework.boot.test.autoconfigure.properties.PropertyMappingContextCustomizer@0, org.springframework.boot.test.autoconfigure.web.servlet.WebDriverContextCustomizerFactory$Customizer@6933b6c6, org.springframework.boot.test.context.filter.ExcludeFilterContextCustomizer@1f9e9475, org.springframework.boot.test.json.DuplicateJsonObjectContextCustomizerFactory$DuplicateJsonObjectContextCustomizer@14dd7b39, org.springframework.boot.test.mock.mockito.MockitoContextCustomizer@0, org.springframework.boot.test.web.client.TestRestTemplateContextCustomizer@49c90a9c, org.springframework.boot.test.context.SpringBootTestArgs@1, org.springframework.boot.test.context.SpringBootTestWebEnvironment@1139b2f3], resourceBasePath = 'src/main/webapp', contextLoader = 'org.springframework.boot.test.context.SpringBootContextLoader', parent = [null]], attributes = map['org.springframework.test.context.web.ServletTestExecutionListener.activateListener' -> true]], class annotated with @DirtiesContext [false] with mode [null].

  .   ____          _            __ _ _
 /\\ / ___'_ __ _ _(_)_ __  __ _ \ \ \ \
( ( )\___ | '_ | '_| | '_ \/ _` | \ \ \ \
 \\/  ___)| |_)| | | | | || (_| |  ) ) ) )
  '  |____| .__|_| |_|_| |_\__, | / / / /
 =========|_|==============|___/=/_/_/_/
 :: Spring Boot ::                (v2.7.7)

2023-02-07 19:24:43.701  INFO 5704 --- [    Test worker] c.a.audiro.service.PostcardServiceTest   : Starting PostcardServiceTest using Java 1.8.0_192 on DESKTOP-DOGVPUB with PID 5704 (started by SSAFY in C:\ssafy\02.team1\S08P12A402\backend\audiro)
2023-02-07 19:24:43.703  INFO 5704 --- [    Test worker] c.a.audiro.service.PostcardServiceTest   : The following 1 profile is active: "oauth"
2023-02-07 19:24:44.925  INFO 5704 --- [    Test worker] .s.d.r.c.RepositoryConfigurationDelegate : Bootstrapping Spring Data JPA repositories in DEFAULT mode.
2023-02-07 19:24:45.077  INFO 5704 --- [    Test worker] .s.d.r.c.RepositoryConfigurationDelegate : Finished Spring Data repository scanning in 139 ms. Found 7 JPA repository interfaces.
2023-02-07 19:24:45.883  INFO 5704 --- [    Test worker] o.hibernate.jpa.internal.util.LogHelper  : HHH000204: Processing PersistenceUnitInfo [name: default]
2023-02-07 19:24:45.964  INFO 5704 --- [    Test worker] org.hibernate.Version                    : HHH000412: Hibernate ORM core version 5.6.14.Final
2023-02-07 19:24:46.180  INFO 5704 --- [    Test worker] o.hibernate.annotations.common.Version   : HCANN000001: Hibernate Commons Annotations {5.1.2.Final}
2023-02-07 19:24:46.327  INFO 5704 --- [    Test worker] com.zaxxer.hikari.HikariDataSource       : HikariPool-1 - Starting...
2023-02-07 19:24:46.582  INFO 5704 --- [    Test worker] com.zaxxer.hikari.HikariDataSource       : HikariPool-1 - Start completed.
2023-02-07 19:24:46.603  INFO 5704 --- [    Test worker] org.hibernate.dialect.Dialect            : HHH000400: Using dialect: org.hibernate.dialect.MySQL57Dialect
2023-02-07 19:24:47.659  INFO 5704 --- [    Test worker] o.h.e.t.j.p.i.JtaPlatformInitiator       : HHH000490: Using JtaPlatform implementation: [org.hibernate.engine.transaction.jta.platform.internal.NoJtaPlatform]
2023-02-07 19:24:47.777  INFO 5704 --- [    Test worker] j.LocalContainerEntityManagerFactoryBean : Initialized JPA EntityManagerFactory for persistence unit 'default'
2023-02-07 19:24:47.914  WARN 5704 --- [    Test worker] JpaBaseConfiguration$JpaWebConfiguration : spring.jpa.open-in-view is enabled by default. Therefore, database queries may be performed during view rendering. Explicitly configure spring.jpa.open-in-view to disable this warning
2023-02-07 19:24:49.815  WARN 5704 --- [    Test worker] o.s.s.c.a.web.builders.WebSecurity       : You are asking Spring Security to ignore Ant [pattern='/']. This is not recommended -- please use permitAll via HttpSecurity#authorizeHttpRequests instead.
2023-02-07 19:24:49.817  INFO 5704 --- [    Test worker] o.s.s.web.DefaultSecurityFilterChain     : Will not secure Ant [pattern='/']
2023-02-07 19:24:49.817  WARN 5704 --- [    Test worker] o.s.s.c.a.web.builders.WebSecurity       : You are asking Spring Security to ignore Ant [pattern='/loginForm']. This is not recommended -- please use permitAll via HttpSecurity#authorizeHttpRequests instead.
2023-02-07 19:24:49.817  INFO 5704 --- [    Test worker] o.s.s.web.DefaultSecurityFilterChain     : Will not secure Ant [pattern='/loginForm']
2023-02-07 19:24:49.818  WARN 5704 --- [    Test worker] o.s.s.c.a.web.builders.WebSecurity       : You are asking Spring Security to ignore Ant [pattern='/token/refresh']. This is not recommended -- please use permitAll via HttpSecurity#authorizeHttpRequests instead.
2023-02-07 19:24:49.818  INFO 5704 --- [    Test worker] o.s.s.web.DefaultSecurityFilterChain     : Will not secure Ant [pattern='/token/refresh']
2023-02-07 19:24:50.046  INFO 5704 --- [    Test worker] o.s.s.web.DefaultSecurityFilterChain     : Will secure any request with [org.springframework.security.web.session.DisableEncodeUrlFilter@9fc2f89, org.springframework.security.web.context.request.async.WebAsyncManagerIntegrationFilter@5f877009, org.springframework.security.web.context.SecurityContextPersistenceFilter@746da54f, org.springframework.security.web.header.HeaderWriterFilter@1add3e03, org.springframework.security.web.authentication.logout.LogoutFilter@7f5f7731, org.springframework.security.oauth2.client.web.OAuth2AuthorizationRequestRedirectFilter@31b67d61, org.springframework.security.oauth2.client.web.OAuth2LoginAuthenticationFilter@54b35809, com.a402.audiro.config.util.jwt.JwtFilter@591ba330, org.springframework.security.web.savedrequest.RequestCacheAwareFilter@742dbac8, org.springframework.security.web.servletapi.SecurityContextHolderAwareRequestFilter@6f8fb906, org.springframework.security.web.authentication.AnonymousAuthenticationFilter@14b4ce6f, org.springframework.security.web.session.SessionManagementFilter@43e30f15, org.springframework.security.web.access.ExceptionTranslationFilter@3adeca1f, org.springframework.security.web.access.intercept.FilterSecurityInterceptor@498b697]
2023-02-07 19:24:51.264  INFO 5704 --- [    Test worker] c.a.audiro.service.PostcardServiceTest   : Started PostcardServiceTest in 7.952 seconds (JVM running for 9.701)
Hibernate: select postcard0_.postcard_id as postcard1_2_0_, postcard0_.password as password2_2_0_, postcard0_.postcard_img as postcard3_2_0_, postcard0_.reg_time as reg_time4_2_0_, postcard0_.song_id as song_id5_2_0_, postcard0_.spot_id as spot_id6_2_0_, postcard0_.send_id as send_id7_2_0_, song1_.song_id as song_id1_3_1_, song1_.singer as singer2_3_1_, song1_.song_img as song_img3_3_1_, song1_.song_title as song_tit4_3_1_, song1_.song_url as song_url5_3_1_, spot2_.spot_id as spot_id1_5_2_, spot2_.spot_addr as spot_add2_5_2_, spot2_.spot_name as spot_nam3_5_2_, user3_.user_id as user_id1_6_3_, user3_.email as email2_6_3_, user3_.profile_img as profile_3_6_3_, user3_.profile_message as profile_4_6_3_, user3_.name as name5_6_3_, user3_.nickname as nickname6_6_3_, user3_.role as role7_6_3_, user3_.token as token8_6_3_ from Postcard postcard0_ left outer join Song song1_ on postcard0_.song_id=song1_.song_id left outer join Spot spot2_ on postcard0_.spot_id=spot2_.spot_id left outer join User user3_ on postcard0_.send_id=user3_.user_id where postcard0_.postcard_id=?
2023-02-07 19:24:51.417  INFO 5704 --- [    Test worker] c.a.audiro.service.PostcardServiceImpl   : Postcard{Id=1, user=User(id=2, name=gaok, token=abv12eqwqdfwerg, nickname=gaok, role=null, email=null, msg=null, img=https://t1.daumcdn.net/cfile/tistory/2513B53E55DB206927), song=Song{userId=1, songImg='http://image_path.~~~', songTitle='Ditto', singer='New Jeans', songUrl='https://yutube.Ditto~~~'}, spot=Spot{spotId=1, spotName='역삼점', spotAddr='서울시 강남구 역삼동~'}, password='ㅎㅎㅎㅎㅎ', postcardImg='IMGE PATH ~~~', regTime=2023-02-07T14:48:25}
PostcardDetailDTO{id=1, postcardImg='IMGE PATH ~~~', songTitle='Ditto', singer='New Jeans', songUrl='https://yutube.Ditto~~~', regTime=2023-02-07T14:48:25}
]]></system-out>
  <system-err><![CDATA[]]></system-err>
</testsuite>
